<?xml version="1.0" encoding="UTF-8"?>
<!-- Generated by org.testng.reporters.JUnitXMLReporter -->
<testsuite hostname="PUNGUPTA.local" name="Test1" tests="3" failures="3" timestamp="10 Apr 2017 10:48:49 GMT" time="0.038" errors="0">
  <testcase name="@AfterTest termination" time="0.0" classname="MainPages.MainTest">
    <failure type="java.lang.NullPointerException">
      <![CDATA[java.lang.NullPointerException
	at MainPages.MainTest.termination(MainTest.java:50)
... Removed 22 stack frames]]>
    </failure>
  </testcase> <!-- @AfterTest termination -->
  <testcase name="homepageTesting" time="0.006" classname="MainPages.MainTest">
    <failure type="java.io.FileNotFoundException" message="  (No such file or directory)">
      <![CDATA[java.io.FileNotFoundException:   (No such file or directory)
	at java.io.FileInputStream.open0(Native Method)
	at java.io.FileInputStream.open(FileInputStream.java:195)
	at java.io.FileInputStream.<init>(FileInputStream.java:138)
	at MainPages.AppDirectHomePage.<init>(AppDirectHomePage.java:29)
	at MainPages.MainTest.homepageTesting(MainTest.java:27)
... Removed 24 stack frames]]>
    </failure>
  </testcase> <!-- homepageTesting -->
  <testcase name="loginpageTesting" time="0.005" classname="MainPages.MainTest">
    <failure type="java.lang.NullPointerException">
      <![CDATA[java.lang.NullPointerException
	at MainPages.AppDirectLoginPage.Signuplink(AppDirectLoginPage.java:36)
	at MainPages.MainTest.loginpageTesting(MainTest.java:37)
... Removed 24 stack frames]]>
    </failure>
  </testcase> <!-- loginpageTesting -->
  <testcase name="signuppagetesting" time="0.002" classname="MainPages.MainTest">
    <failure type="java.lang.NullPointerException">
      <![CDATA[java.lang.NullPointerException
	at MainPages.AppDirectSignupPage.finalSignup(AppDirectSignupPage.java:48)
	at MainPages.MainTest.signuppagetesting(MainTest.java:45)
... Removed 24 stack frames]]>
    </failure>
  </testcase> <!-- signuppagetesting -->
</testsuite> <!-- Test1 -->
