<?xml version="1.0" encoding="UTF-8"?>
<!-- Generated by org.testng.reporters.JUnitXMLReporter -->
<testsuite hostname="PUNGUPTA" name="Test1" tests="5" failures="1" timestamp="10 Apr 2017 19:32:08 GMT" time="39.778" errors="0">
  <testcase name="initialization" time="25.512" classname="MainPages.MainTest"/>
  <testcase name="homepageTesting" time="0.091" classname="MainPages.MainTest"/>
  <testcase name="loginpageTesting" time="7.697" classname="MainPages.MainTest"/>
  <testcase name="signuppagetesting" time="0.26" classname="MainPages.MainTest"/>
  <testcase name="IsSignUpSuccessfullorNot" time="1.089" classname="MainPages.MainTest">
    <failure type="java.lang.NullPointerException">
      <![CDATA[java.lang.NullPointerException
	at PageChecker.SuccessSignupChecker.<init>(SuccessSignupChecker.java:22)
	at MainPages.MainTest.IsSignUpSuccessfullorNot(MainTest.java:53)
... Removed 24 stack frames]]>
    </failure>
  </testcase> <!-- IsSignUpSuccessfullorNot -->
</testsuite> <!-- Test1 -->
