<?xml version="1.0" encoding="UTF-8"?>
<testng-results skipped="0" failed="1" total="5" passed="4">
  <reporter-output>
  </reporter-output>
  <suite name="Suite1" duration-ms="39778" started-at="2017-04-10T19:31:28Z" finished-at="2017-04-10T19:32:08Z">
    <groups>
    </groups>
    <test name="Test1" duration-ms="39778" started-at="2017-04-10T19:31:28Z" finished-at="2017-04-10T19:32:08Z">
      <class name="MainPages.MainTest">
        <test-method status="PASS" signature="initialization()[pri:0, instance:MainPages.MainTest@47ef968d]" name="initialization" duration-ms="25512" started-at="2017-04-11T01:01:28Z" finished-at="2017-04-11T01:01:54Z">
          <reporter-output>
          </reporter-output>
        </test-method> <!-- initialization -->
        <test-method status="PASS" signature="homepageTesting()[pri:0, instance:MainPages.MainTest@47ef968d]" name="homepageTesting" duration-ms="91" started-at="2017-04-11T01:01:54Z" depends-on-methods="MainPages.MainTest.initialization" finished-at="2017-04-11T01:01:54Z">
          <reporter-output>
          </reporter-output>
        </test-method> <!-- homepageTesting -->
        <test-method status="PASS" signature="loginpageTesting()[pri:0, instance:MainPages.MainTest@47ef968d]" name="loginpageTesting" duration-ms="7697" started-at="2017-04-11T01:01:54Z" depends-on-methods="MainPages.MainTest.homepageTesting" finished-at="2017-04-11T01:02:01Z">
          <reporter-output>
          </reporter-output>
        </test-method> <!-- loginpageTesting -->
        <test-method status="PASS" signature="signuppagetesting()[pri:0, instance:MainPages.MainTest@47ef968d]" name="signuppagetesting" duration-ms="260" started-at="2017-04-11T01:02:01Z" depends-on-methods="MainPages.MainTest.loginpageTesting" finished-at="2017-04-11T01:02:02Z">
          <reporter-output>
          </reporter-output>
        </test-method> <!-- signuppagetesting -->
        <test-method status="FAIL" signature="IsSignUpSuccessfullorNot()[pri:0, instance:MainPages.MainTest@47ef968d]" name="IsSignUpSuccessfullorNot" duration-ms="1089" started-at="2017-04-11T01:02:02Z" depends-on-methods="MainPages.MainTest.signuppagetesting" finished-at="2017-04-11T01:02:03Z">
          <exception class="java.lang.NullPointerException">
            <full-stacktrace>
              <![CDATA[java.lang.NullPointerException
	at PageChecker.SuccessSignupChecker.<init>(SuccessSignupChecker.java:22)
	at MainPages.MainTest.IsSignUpSuccessfullorNot(MainTest.java:53)
	at sun.reflect.NativeMethodAccessorImpl.invoke0(Native Method)
	at sun.reflect.NativeMethodAccessorImpl.invoke(NativeMethodAccessorImpl.java:62)
	at sun.reflect.DelegatingMethodAccessorImpl.invoke(DelegatingMethodAccessorImpl.java:43)
	at java.lang.reflect.Method.invoke(Method.java:498)
	at org.testng.internal.MethodInvocationHelper.invokeMethod(MethodInvocationHelper.java:80)
	at org.testng.internal.Invoker.invokeMethod(Invoker.java:714)
	at org.testng.internal.Invoker.invokeTestMethod(Invoker.java:901)
	at org.testng.internal.Invoker.invokeTestMethods(Invoker.java:1231)
	at org.testng.internal.TestMethodWorker.invokeTestMethods(TestMethodWorker.java:127)
	at org.testng.internal.TestMethodWorker.run(TestMethodWorker.java:111)
	at org.testng.TestRunner.privateRun(TestRunner.java:767)
	at org.testng.TestRunner.run(TestRunner.java:617)
	at org.testng.SuiteRunner.runTest(SuiteRunner.java:334)
	at org.testng.SuiteRunner.runSequentially(SuiteRunner.java:329)
	at org.testng.SuiteRunner.privateRun(SuiteRunner.java:291)
	at org.testng.SuiteRunner.run(SuiteRunner.java:240)
	at org.testng.SuiteRunnerWorker.runSuite(SuiteRunnerWorker.java:52)
	at org.testng.SuiteRunnerWorker.run(SuiteRunnerWorker.java:86)
	at org.testng.TestNG.runSuitesSequentially(TestNG.java:1198)
	at org.testng.TestNG.runSuitesLocally(TestNG.java:1123)
	at org.testng.TestNG.run(TestNG.java:1031)
	at org.testng.remote.AbstractRemoteTestNG.run(AbstractRemoteTestNG.java:132)
	at org.testng.remote.RemoteTestNG.initAndRun(RemoteTestNG.java:230)
	at org.testng.remote.RemoteTestNG.main(RemoteTestNG.java:76)
]]>
            </full-stacktrace>
          </exception> <!-- java.lang.NullPointerException -->
          <reporter-output>
          </reporter-output>
        </test-method> <!-- IsSignUpSuccessfullorNot -->
        <test-method status="PASS" signature="termination()[pri:0, instance:MainPages.MainTest@47ef968d]" name="termination" is-config="true" duration-ms="5111" started-at="2017-04-11T01:02:03Z" finished-at="2017-04-11T01:02:08Z">
          <reporter-output>
          </reporter-output>
        </test-method> <!-- termination -->
      </class> <!-- MainPages.MainTest -->
    </test> <!-- Test1 -->
  </suite> <!-- Suite1 -->
</testng-results>
